<?xml version="1.0" encoding="UTF-8"?>
<!-- Generated by org.testng.reporters.JUnitXMLReporter -->
<testsuite ignored="0" hostname="Prashant" failures="0" tests="6" name="AlertTest" time="27.46" errors="0" timestamp="2024-10-26T21:54:17 IST">
  <testcase classname="tests.AlertTest" name="alertFrameWindow" time="0.319"/>
  <testcase classname="tests.AlertTest" name="alert" time="0.811"/>
  <testcase classname="tests.AlertTest" name="clickToSee" time="2.21"/>
  <testcase classname="tests.AlertTest" name="clickSec" time="7.251"/>
  <testcase classname="tests.AlertTest" name="confirmBox" time="4.338"/>
  <testcase classname="tests.AlertTest" name="myPromptBox" time="4.312"/>
</testsuite> <!-- AlertTest -->
