<?xml version="1.0" encoding="UTF-8"?>
<!-- Generated by org.testng.reporters.JUnitXMLReporter -->
<testsuite ignored="0" hostname="Prashant" failures="0" tests="5" name="ButtonTest" time="12.295" errors="0" timestamp="2024-10-14T09:17:52 IST">
  <testcase classname="tests.ButtonTest" name="clickOnElements" time="0.107"/>
  <testcase classname="tests.ButtonTest" name="button" time="2.114"/>
  <testcase classname="tests.ButtonTest" name="clickOnDouble" time="0.227"/>
  <testcase classname="tests.ButtonTest" name="clickOnClick" time="0.227"/>
  <testcase classname="tests.ButtonTest" name="clickOnRight" time="0.249"/>
</testsuite> <!-- ButtonTest -->
