<?xml version="1.0" encoding="UTF-8"?>
<!-- Generated by org.testng.reporters.JUnitXMLReporter -->
<testsuite ignored="0" hostname="Prashant" failures="0" tests="5" name="CheckBoxTest" time="12.431" errors="0" timestamp="2024-10-13T15:11:21 IST">
  <testcase classname="tests.CheckBoxTest" name="clickOnElement" time="0.111"/>
  <testcase classname="tests.CheckBoxTest" name="clickOnCheckBox" time="0.111"/>
  <testcase classname="tests.CheckBoxTest" name="clickOnMobileBox" time="0.32"/>
  <testcase classname="tests.CheckBoxTest" name="clickOnLaptop" time="0.211"/>
  <testcase classname="tests.CheckBoxTest" name="clickOnDesktop" time="0.193"/>
</testsuite> <!-- CheckBoxTest -->
