<?xml version="1.0" encoding="UTF-8"?>
<!-- Generated by org.testng.reporters.JUnitXMLReporter -->
<testsuite ignored="0" hostname="Prashant" failures="0" tests="3" name="DynamicPropertiesTest" time="24.205" errors="0" timestamp="2024-10-26T21:48:26 IST">
  <testcase classname="tests.DynamicPropertiesTest" name="clickOnElement" time="0.184"/>
  <testcase classname="tests.DynamicPropertiesTest" name="clickOnDynaprop" time="0.749"/>
  <testcase classname="tests.DynamicPropertiesTest" name="waitfor5sec" time="5.083"/>
</testsuite> <!-- DynamicPropertiesTest -->
