<?xml version="1.0" encoding="UTF-8"?>
<!-- Generated by org.testng.reporters.JUnitXMLReporter -->
<testsuite ignored="0" hostname="Prashant" failures="0" tests="4" name="FileUploadTest" time="13.357" errors="0" timestamp="2024-10-22T16:21:07 IST">
  <testcase classname="tests.FileUploadTest" name="clickOnElement" time="0.205"/>
  <testcase classname="tests.FileUploadTest" name="upanddownload" time="0.741"/>
  <testcase classname="tests.FileUploadTest" name="chooseOne" time="0.199"/>
  <testcase classname="tests.FileUploadTest" name="fileupload" time="4.175"/>
</testsuite> <!-- FileUploadTest -->
