<?xml version="1.0" encoding="UTF-8"?>
<!-- Generated by org.testng.reporters.JUnitXMLReporter -->
<testsuite ignored="0" hostname="Prashant" failures="0" tests="4" name="FrameTest" time="23.107" errors="0" timestamp="2024-10-27T09:24:22 IST">
  <testcase classname="tests.FrameTest" name="alertFrameWindow" time="0.222"/>
  <testcase classname="tests.FrameTest" name="frameFold" time="0.777"/>
  <testcase classname="tests.FrameTest" name="frameI" time="0.101"/>
  <testcase classname="tests.FrameTest" name="frameII" time="0.08"/>
</testsuite> <!-- FrameTest -->
