<?xml version="1.0" encoding="UTF-8"?>
<!-- Generated by org.testng.reporters.JUnitXMLReporter -->
<testsuite ignored="0" hostname="Prashant" failures="1" tests="3" name="ModelDialogTest" time="15.847" errors="0" timestamp="2024-10-27T14:52:39 IST">
  <testcase classname="tests.ModelDialogTest" name="alertFrameWindow" time="0.31"/>
  <testcase classname="tests.ModelDialogTest" name="modelFold" time="0.759"/>
  <testcase classname="tests.ModelDialogTest" name="modelFoldValid" time="0.19">
    <failure type="java.lang.AssertionError" message="expected [This is a small modal. It has very less content] but found []">
      <![CDATA[java.lang.AssertionError: expected [This is a small modal. It has very less content] but found []
at pages.ModelDialogPage.modelFoldValid(ModelDialogPage.java:51)
at tests.ModelDialogTest.modelFoldValid(ModelDialogTest.java:30)
at java.base/java.util.ArrayList.forEach(ArrayList.java:1597)
... Removed 31 stack frames]]>
    </failure>
  </testcase> <!-- modelFoldValid -->
</testsuite> <!-- ModelDialogTest -->
