<?xml version="1.0" encoding="UTF-8"?>
<!-- Generated by org.testng.reporters.JUnitXMLReporter -->
<testsuite ignored="0" hostname="Prashant" failures="0" tests="3" name="NestedFrameTest" time="11.443" errors="0" timestamp="2024-10-27T10:22:06 IST">
  <testcase classname="tests.NestedFrameTest" name="alertFrameWindow" time="0.329"/>
  <testcase classname="tests.NestedFrameTest" name="nestedFold" time="0.838"/>
  <testcase classname="tests.NestedFrameTest" name="nestedFrame" time="0.344"/>
</testsuite> <!-- NestedFrameTest -->
