<?xml version="1.0" encoding="UTF-8"?>
<!-- Generated by org.testng.reporters.JUnitXMLReporter -->
<testsuite ignored="0" hostname="Prashant" failures="0" tests="5" name="RadioButtonTest" time="13.511" errors="0" timestamp="2024-10-13T17:11:14 IST">
  <testcase classname="tests.RadioButtonTest" name="clickOnElement" time="0.052"/>
  <testcase classname="tests.RadioButtonTest" name="clickOnRadio" time="3.066"/>
  <testcase classname="tests.RadioButtonTest" name="impressive" time="0.087"/>
  <testcase classname="tests.RadioButtonTest" name="yes" time="0.088"/>
  <testcase classname="tests.RadioButtonTest" name="no" time="0.076"/>
</testsuite> <!-- RadioButtonTest -->
