<?xml version="1.0" encoding="UTF-8"?>
<!-- Generated by org.testng.reporters.JUnitXMLReporter -->
<testsuite ignored="0" hostname="Prashant" failures="0" tests="6" name="WebTableTest" time="17.137" errors="0" timestamp="2024-10-26T21:48:02 IST">
  <testcase classname="tests.WebTablesTest" name="clickOnElement" time="0.258"/>
  <testcase classname="tests.WebTablesTest" name="clickOnWebtables" time="0.234"/>
  <testcase classname="tests.WebTablesTest" name="fillDetail" time="2.874"/>
  <testcase classname="tests.WebTablesTest" name="validateDetails" time="1.602"/>
  <testcase classname="tests.WebTablesTest" name="updateDetails" time="2.269"/>
  <testcase classname="tests.WebTablesTest" name="updateValidate" time="1.005"/>
</testsuite> <!-- WebTableTest -->
